<?xml version="1.0" encoding="UTF-8"?>
<testsuite xmlns:xsi="http://www.w3.org/2001/XMLSchema-instance" xsi:noNamespaceSchemaLocation="https://maven.apache.org/surefire/maven-surefire-plugin/xsd/surefire-test-report-3.0.xsd" version="3.0" name="com.proyecto.automatizacion.runners.TestRunner" time="19.011" tests="1" errors="0" skipped="0" failures="0">
  <properties>
[...]
</properties>
  <testcase name="Validacion del valor del subtotal en el Checkout" classname="Login de usuario en Swag Labs" time="17.027">
    <system-out><![CDATA[Extent Report inicializado

@Checkout
Scenario: Validacion del valor del subtotal en el Checkout                           &amp#27;[90m# src/test/resources/features/login.feature:33&amp#27;[0m
Iniciando escenario: Validacion del valor del subtotal en el Checkout
  &amp#27;[32mGiven &amp#27;[0m&amp#27;[32mque el usuario abre la pÃ¡gina de Swag Labs&amp#27;[0m                                   &amp#27;[90m# com.proyecto.automatizacion.stepDefinitions.LoginSteps.abrirPagina()&amp#27;[0m
  &amp#27;[32mWhen &amp#27;[0m&amp#27;[32mingresa el usuario &amp#27;[0m&amp#27;[32m&amp#27;[1m"standard_user"&amp#27;[0m&amp#27;[32m y la contraseÃ±a &amp#27;[0m&amp#27;[32m&amp#27;[1m"secret_sauce"&amp#27;[0m             &amp#27;[90m# com.proyecto.automatizacion.stepDefinitions.LoginSteps.ingresarCredenciales(java.lang.String,java.lang.String)&amp#27;[0m
  &amp#27;[32mAnd &amp#27;[0m&amp#27;[32mhace clic en el botÃ³n de login&amp#27;[0m                                                 &amp#27;[90m# com.proyecto.automatizacion.stepDefinitions.LoginSteps.clickLogin()&amp#27;[0m
  &amp#27;[32mThen &amp#27;[0m&amp#27;[32mdeberÃ­a ver la pÃ¡gina de productos con el tÃ­tulo &amp#27;[0m&amp#27;[32m&amp#27;[1m"Products"&amp#27;[0m                   &amp#27;[90m# com.proyecto.automatizacion.stepDefinitions.LoginSteps.validarLogin(java.lang.String)&amp#27;[0m
  &amp#27;[32mThen &amp#27;[0m&amp#27;[32mdeberÃ­a agregar al carrito &amp#27;[0m&amp#27;[32m&amp#27;[1m"Sauce Labs Backpack"&amp#27;[0m                              &amp#27;[90m# com.proyecto.automatizacion.stepDefinitions.LoginSteps.elegirArticulo(java.lang.String)&amp#27;[0m
  &amp#27;[32mAnd &amp#27;[0m&amp#27;[32mhace clic en el botÃ³n de Add to cart para &amp#27;[0m&amp#27;[32m&amp#27;[1m"Sauce Labs Backpack"&amp#27;[0m                &amp#27;[90m# com.proyecto.automatizacion.stepDefinitions.LoginSteps.clickAddCartParaProducto(java.lang.String)&amp#27;[0m
  &amp#27;[32mThen &amp#27;[0m&amp#27;[32mdeberÃ­a agregar al carrito &amp#27;[0m&amp#27;[32m&amp#27;[1m"Sauce Labs Bike Light"&amp#27;[0m                            &amp#27;[90m# com.proyecto.automatizacion.stepDefinitions.LoginSteps.elegirArticulo(java.lang.String)&amp#27;[0m
  &amp#27;[32mAnd &amp#27;[0m&amp#27;[32mhace clic en el botÃ³n de Add to cart para &amp#27;[0m&amp#27;[32m&amp#27;[1m"Sauce Labs Bike Light"&amp#27;[0m              &amp#27;[90m# com.proyecto.automatizacion.stepDefinitions.LoginSteps.clickAddCartParaProducto(java.lang.String)&amp#27;[0m
  &amp#27;[32mAnd &amp#27;[0m&amp#27;[32mhace clic en el botÃ³n de carrito&amp#27;[0m                                               &amp#27;[90m# com.proyecto.automatizacion.stepDefinitions.LoginSteps.clickCarrito()&amp#27;[0m
  &amp#27;[32mThen &amp#27;[0m&amp#27;[32mdeberÃ­a ver la pÃ¡gina del carrito con el tÃ­tulo &amp#27;[0m&amp#27;[32m&amp#27;[1m"Your Cart"&amp#27;[0m                   &amp#27;[90m# com.proyecto.automatizacion.stepDefinitions.LoginSteps.verificarTituloCarrito(java.lang.String)&amp#27;[0m
  &amp#27;[32mAnd &amp#27;[0m&amp#27;[32mhace clic en el botÃ³n de checkout&amp#27;[0m                                              &amp#27;[90m# com.proyecto.automatizacion.stepDefinitions.LoginSteps.clickCheckout()&amp#27;[0m
  &amp#27;[32mThen &amp#27;[0m&amp#27;[32mdeberÃ­a ver la pÃ¡gina del checkout con el tÃ­tulo &amp#27;[0m&amp#27;[32m&amp#27;[1m"Checkout: Your Information"&amp#27;[0m &amp#27;[90m# com.proyecto.automatizacion.stepDefinitions.LoginSteps.verificarTituloCheckout(java.lang.String)&amp#27;[0m
  &amp#27;[32mWhen &amp#27;[0m&amp#27;[32mingresa el First Name &amp#27;[0m&amp#27;[32m&amp#27;[1m"Juan"&amp#27;[0m&amp#27;[32m, el Last Name &amp#27;[0m&amp#27;[32m&amp#27;[1m"Perez"&amp#27;[0m&amp#27;[32m y el Postal Code &amp#27;[0m&amp#27;[32m&amp#27;[1m"1"&amp#27;[0m       &amp#27;[90m# com.proyecto.automatizacion.stepDefinitions.LoginSteps.ingresarCheckout(java.lang.String,java.lang.String,java.lang.String)&amp#27;[0m
  &amp#27;[32mAnd &amp#27;[0m&amp#27;[32mhace clic en el botÃ³n de continue&amp#27;[0m                                              &amp#27;[90m# com.proyecto.automatizacion.stepDefinitions.LoginSteps.clickContinue()&amp#27;[0m
  &amp#27;[32mThen &amp#27;[0m&amp#27;[32mdeberÃ­a ver la pÃ¡gina del checkout con el tÃ­tulo &amp#27;[0m&amp#27;[32m&amp#27;[1m"Checkout: Overview"&amp#27;[0m         &amp#27;[90m# com.proyecto.automatizacion.stepDefinitions.LoginSteps.verificarTituloCheckout(java.lang.String)&amp#27;[0m
  &amp#27;[32mAnd &amp#27;[0m&amp#27;[32mdeberÃ­a verificar que el subtotal concuerda con la suma de los artÃ­culos&amp#27;[0m       &amp#27;[90m# com.proyecto.automatizacion.stepDefinitions.LoginSteps.verificarSubtotal()&amp#27;[0m
  &amp#27;[32mAnd &amp#27;[0m&amp#27;[32mhace clic en el botÃ³n de finish&amp#27;[0m                                                &amp#27;[90m# com.proyecto.automatizacion.stepDefinitions.LoginSteps.clickFinish()&amp#27;[0m
  &amp#27;[32mThen &amp#27;[0m&amp#27;[32mdeberÃ­a ver el mensaje de confirmaciÃ³n de pedido&amp#27;[0m                              &amp#27;[90m# com.proyecto.automatizacion.stepDefinitions.LoginSteps.verificarMensajeConfirmacion()&amp#27;[0m

    Embedding Screenshot - PASSED [image/png 126604 bytes]

Finalizando escenario: Validacion del valor del subtotal en el Checkout
]]></system-out>
    <system-err><![CDATA[SLF4J: No SLF4J providers were found.
SLF4J: Defaulting to no-operation (NOP) logger implementation
SLF4J: See https://www.slf4j.org/codes.html#noProviders for further details.
ago 25, 2025 9:50:06 P. M. org.openqa.selenium.devtools.CdpVersionFinder findNearestMatch
WARNING: Unable to find CDP implementation matching 139
ago 25, 2025 9:50:06 P. M. org.openqa.selenium.chromium.ChromiumDriver lambda$new$5
WARNING: Unable to find version of CDP to use for 139.0.7258.139. You may need to include a dependency on a specific version of the CDP using something similar to `org.seleniumhq.selenium:selenium-devtools-v86:4.15.0` where the version ("v86") matches the version of the chromium-based browser you're using and the version number of the artifact is the same as Selenium's.
]]></system-err>
  </testcase>
</testsuite>